<?xml version="1.0" encoding="UTF-8"?>
<!-- Generated by org.testng.reporters.JUnitReportReporter -->
<testsuite hostname="DESKTOP-U4N0H90" failures="0" tests="1" name="org.selenium.pom.tests.SearchTest" time="3.351" errors="0" timestamp="2022-05-19T20:52:23 CST" skipped="0">
  <testcase classname="org.selenium.pom.tests.SearchTest" name="searchWithPartialMatch" time="3.351"/>
  <system-out/>
</testsuite> <!-- org.selenium.pom.tests.SearchTest -->
