<?xml version="1.0" encoding="UTF-8"?>
<!-- Generated by org.testng.reporters.JUnitReportReporter -->
<testsuite hostname="DESKTOP-U4N0H90" failures="0" tests="2" name="org.selenium.pom.tests.MyFirstTestCase" time="27.470" errors="0" timestamp="2022-05-19T20:52:23 CST" skipped="0">
  <testcase classname="org.selenium.pom.tests.MyFirstTestCase" name="loginAndCheckOutUsingDirectBankTransfer" time="14.672"/>
  <system-out/>
  <testcase classname="org.selenium.pom.tests.MyFirstTestCase" name="guestCheckOutUsingDirectBankTransfer" time="12.798"/>
  <system-out/>
</testsuite> <!-- org.selenium.pom.tests.MyFirstTestCase -->
